<?xml version="1.0" encoding="UTF-8"?>
<testng-results ignored="0" total="14" passed="11" failed="3" skipped="0">
  <reporter-output>
  </reporter-output>
  <suite started-at="2024-09-03T23:31:17 WIB" name="Surefire suite" finished-at="2024-09-03T23:33:20 WIB" duration-ms="123121">
    <groups>
    </groups>
    <test started-at="2024-09-03T23:31:17 WIB" name="Surefire test" finished-at="2024-09-03T23:33:20 WIB" duration-ms="123121">
      <class name="Tokopedia.Test.SearchTest">
        <test-method is-config="true" signature="launchApplication()[pri:0, instance:Tokopedia.Test.SearchTest@b62fe6d]" started-at="2024-09-03T23:32:40 WIB" name="launchApplication" finished-at="2024-09-03T23:32:43 WIB" duration-ms="3730" status="PASS">
          <reporter-output>
          </reporter-output>
        </test-method> <!-- launchApplication -->
        <test-method signature="TC1_searchvalidProduct()[pri:0, instance:Tokopedia.Test.SearchTest@b62fe6d]" started-at="2024-09-03T23:32:43 WIB" name="TC1_searchvalidProduct" finished-at="2024-09-03T23:32:46 WIB" duration-ms="2586" status="PASS">
          <reporter-output>
          </reporter-output>
        </test-method> <!-- TC1_searchvalidProduct -->
        <test-method is-config="true" signature="tearDown()[pri:0, instance:Tokopedia.Test.SearchTest@b62fe6d]" started-at="2024-09-03T23:32:46 WIB" name="tearDown" finished-at="2024-09-03T23:32:46 WIB" duration-ms="198" status="PASS">
          <reporter-output>
          </reporter-output>
        </test-method> <!-- tearDown -->
        <test-method is-config="true" signature="launchApplication()[pri:0, instance:Tokopedia.Test.SearchTest@b62fe6d]" started-at="2024-09-03T23:32:46 WIB" name="launchApplication" finished-at="2024-09-03T23:32:50 WIB" duration-ms="3444" status="PASS">
          <reporter-output>
          </reporter-output>
        </test-method> <!-- launchApplication -->
        <test-method signature="TC2_searchinvalidProduct()[pri:0, instance:Tokopedia.Test.SearchTest@b62fe6d]" started-at="2024-09-03T23:32:50 WIB" name="TC2_searchinvalidProduct" finished-at="2024-09-03T23:32:52 WIB" duration-ms="2717" status="PASS">
          <reporter-output>
          </reporter-output>
        </test-method> <!-- TC2_searchinvalidProduct -->
        <test-method is-config="true" signature="tearDown()[pri:0, instance:Tokopedia.Test.SearchTest@b62fe6d]" started-at="2024-09-03T23:32:52 WIB" name="tearDown" finished-at="2024-09-03T23:32:53 WIB" duration-ms="128" status="PASS">
          <reporter-output>
          </reporter-output>
        </test-method> <!-- tearDown -->
        <test-method is-config="true" signature="launchApplication()[pri:0, instance:Tokopedia.Test.SearchTest@b62fe6d]" started-at="2024-09-03T23:32:53 WIB" name="launchApplication" finished-at="2024-09-03T23:32:56 WIB" duration-ms="3538" status="PASS">
          <reporter-output>
          </reporter-output>
        </test-method> <!-- launchApplication -->
        <test-method signature="TC3_Searchproductwithcategory()[pri:0, instance:Tokopedia.Test.SearchTest@b62fe6d]" started-at="2024-09-03T23:32:56 WIB" name="TC3_Searchproductwithcategory" finished-at="2024-09-03T23:33:01 WIB" duration-ms="4511" status="PASS">
          <reporter-output>
          </reporter-output>
        </test-method> <!-- TC3_Searchproductwithcategory -->
        <test-method is-config="true" signature="tearDown()[pri:0, instance:Tokopedia.Test.SearchTest@b62fe6d]" started-at="2024-09-03T23:33:01 WIB" name="tearDown" finished-at="2024-09-03T23:33:01 WIB" duration-ms="114" status="PASS">
          <reporter-output>
          </reporter-output>
        </test-method> <!-- tearDown -->
        <test-method is-config="true" signature="launchApplication()[pri:0, instance:Tokopedia.Test.SearchTest@b62fe6d]" started-at="2024-09-03T23:33:01 WIB" name="launchApplication" finished-at="2024-09-03T23:33:04 WIB" duration-ms="3503" status="PASS">
          <reporter-output>
          </reporter-output>
        </test-method> <!-- launchApplication -->
        <test-method signature="TC4_Searchproductwithsubcategoty()[pri:0, instance:Tokopedia.Test.SearchTest@b62fe6d]" started-at="2024-09-03T23:33:04 WIB" name="TC4_Searchproductwithsubcategoty" finished-at="2024-09-03T23:33:10 WIB" duration-ms="5423" status="PASS">
          <reporter-output>
          </reporter-output>
        </test-method> <!-- TC4_Searchproductwithsubcategoty -->
        <test-method is-config="true" signature="tearDown()[pri:0, instance:Tokopedia.Test.SearchTest@b62fe6d]" started-at="2024-09-03T23:33:10 WIB" name="tearDown" finished-at="2024-09-03T23:33:10 WIB" duration-ms="110" status="PASS">
          <reporter-output>
          </reporter-output>
        </test-method> <!-- tearDown -->
        <test-method is-config="true" signature="launchApplication()[pri:0, instance:Tokopedia.Test.SearchTest@b62fe6d]" started-at="2024-09-03T23:33:10 WIB" name="launchApplication" finished-at="2024-09-03T23:33:14 WIB" duration-ms="3929" status="PASS">
          <reporter-output>
          </reporter-output>
        </test-method> <!-- launchApplication -->
        <test-method signature="TC5_SearchCategorywithdetailproduct()[pri:0, instance:Tokopedia.Test.SearchTest@b62fe6d]" started-at="2024-09-03T23:33:14 WIB" name="TC5_SearchCategorywithdetailproduct" finished-at="2024-09-03T23:33:20 WIB" duration-ms="5981" status="PASS">
          <reporter-output>
          </reporter-output>
        </test-method> <!-- TC5_SearchCategorywithdetailproduct -->
        <test-method is-config="true" signature="tearDown()[pri:0, instance:Tokopedia.Test.SearchTest@b62fe6d]" started-at="2024-09-03T23:33:20 WIB" name="tearDown" finished-at="2024-09-03T23:33:20 WIB" duration-ms="132" status="PASS">
          <reporter-output>
          </reporter-output>
        </test-method> <!-- tearDown -->
      </class> <!-- Tokopedia.Test.SearchTest -->
      <class name="Tokopedia.Test.LoginTest">
        <test-method is-config="true" signature="launchApplication()[pri:0, instance:Tokopedia.Test.LoginTest@240237d2]" started-at="2024-09-03T23:31:17 WIB" name="launchApplication" finished-at="2024-09-03T23:31:21 WIB" duration-ms="4417" status="PASS">
          <reporter-output>
          </reporter-output>
        </test-method> <!-- launchApplication -->
        <test-method signature="TC1_validateLoginSuccessFull()[pri:0, instance:Tokopedia.Test.LoginTest@240237d2]" started-at="2024-09-03T23:31:21 WIB" name="TC1_validateLoginSuccessFull" finished-at="2024-09-03T23:31:23 WIB" duration-ms="2306" status="PASS">
          <reporter-output>
          </reporter-output>
        </test-method> <!-- TC1_validateLoginSuccessFull -->
        <test-method is-config="true" signature="tearDown()[pri:0, instance:Tokopedia.Test.LoginTest@240237d2]" started-at="2024-09-03T23:31:23 WIB" name="tearDown" finished-at="2024-09-03T23:31:24 WIB" duration-ms="147" status="PASS">
          <reporter-output>
          </reporter-output>
        </test-method> <!-- tearDown -->
        <test-method is-config="true" signature="launchApplication()[pri:0, instance:Tokopedia.Test.LoginTest@240237d2]" started-at="2024-09-03T23:31:24 WIB" name="launchApplication" finished-at="2024-09-03T23:31:27 WIB" duration-ms="3680" status="PASS">
          <reporter-output>
          </reporter-output>
        </test-method> <!-- launchApplication -->
        <test-method signature="TC2_validateLoginUnsuccessfullwithNOPassword()[pri:0, instance:Tokopedia.Test.LoginTest@240237d2]" started-at="2024-09-03T23:31:27 WIB" name="TC2_validateLoginUnsuccessfullwithNOPassword" finished-at="2024-09-03T23:31:29 WIB" duration-ms="1340" status="PASS">
          <reporter-output>
          </reporter-output>
        </test-method> <!-- TC2_validateLoginUnsuccessfullwithNOPassword -->
        <test-method is-config="true" signature="tearDown()[pri:0, instance:Tokopedia.Test.LoginTest@240237d2]" started-at="2024-09-03T23:31:29 WIB" name="tearDown" finished-at="2024-09-03T23:31:29 WIB" duration-ms="142" status="PASS">
          <reporter-output>
          </reporter-output>
        </test-method> <!-- tearDown -->
        <test-method is-config="true" signature="launchApplication()[pri:0, instance:Tokopedia.Test.LoginTest@240237d2]" started-at="2024-09-03T23:31:29 WIB" name="launchApplication" finished-at="2024-09-03T23:31:32 WIB" duration-ms="3699" status="PASS">
          <reporter-output>
          </reporter-output>
        </test-method> <!-- launchApplication -->
        <test-method signature="TC3_validateLoginUnseccessfullwithinvalidpassword()[pri:0, instance:Tokopedia.Test.LoginTest@240237d2]" started-at="2024-09-03T23:31:32 WIB" name="TC3_validateLoginUnseccessfullwithinvalidpassword" finished-at="2024-09-03T23:31:35 WIB" duration-ms="2183" status="PASS">
          <reporter-output>
          </reporter-output>
        </test-method> <!-- TC3_validateLoginUnseccessfullwithinvalidpassword -->
        <test-method is-config="true" signature="tearDown()[pri:0, instance:Tokopedia.Test.LoginTest@240237d2]" started-at="2024-09-03T23:31:35 WIB" name="tearDown" finished-at="2024-09-03T23:31:35 WIB" duration-ms="142" status="PASS">
          <reporter-output>
          </reporter-output>
        </test-method> <!-- tearDown -->
        <test-method is-config="true" signature="launchApplication()[pri:0, instance:Tokopedia.Test.LoginTest@240237d2]" started-at="2024-09-03T23:31:35 WIB" name="launchApplication" finished-at="2024-09-03T23:31:39 WIB" duration-ms="3801" status="PASS">
          <reporter-output>
          </reporter-output>
        </test-method> <!-- launchApplication -->
        <test-method signature="TC4_validateLoginUnseccessfullwithinvalidemail()[pri:0, instance:Tokopedia.Test.LoginTest@240237d2]" started-at="2024-09-03T23:31:39 WIB" name="TC4_validateLoginUnseccessfullwithinvalidemail" finished-at="2024-09-03T23:31:40 WIB" duration-ms="1066" status="FAIL">
          <exception class="java.lang.AssertionError">
            <full-stacktrace>
              <![CDATA[java.lang.AssertionError
at org.junit.Assert.fail(Assert.java:86)
at org.junit.Assert.assertTrue(Assert.java:41)
at org.junit.Assert.assertTrue(Assert.java:52)
at Tokopedia.Test.LoginTest.TC4_validateLoginUnseccessfullwithinvalidemail(LoginTest.java:53)
at java.base/jdk.internal.reflect.DirectMethodHandleAccessor.invoke(DirectMethodHandleAccessor.java:103)
at java.base/java.lang.reflect.Method.invoke(Method.java:580)
at org.testng.internal.invokers.MethodInvocationHelper.invokeMethod(MethodInvocationHelper.java:141)
at org.testng.internal.invokers.TestInvoker.invokeMethod(TestInvoker.java:686)
at org.testng.internal.invokers.TestInvoker.invokeTestMethod(TestInvoker.java:230)
at org.testng.internal.invokers.MethodRunner.runInSequence(MethodRunner.java:63)
at org.testng.internal.invokers.TestInvoker$MethodInvocationAgent.invoke(TestInvoker.java:992)
at org.testng.internal.invokers.TestInvoker.invokeTestMethods(TestInvoker.java:203)
at org.testng.internal.invokers.TestMethodWorker.invokeTestMethods(TestMethodWorker.java:154)
at org.testng.internal.invokers.TestMethodWorker.run(TestMethodWorker.java:134)
at java.base/java.util.ArrayList.forEach(ArrayList.java:1596)
at org.testng.TestRunner.privateRun(TestRunner.java:739)
at org.testng.TestRunner.run(TestRunner.java:614)
at org.testng.SuiteRunner.runTest(SuiteRunner.java:421)
at org.testng.SuiteRunner.runSequentially(SuiteRunner.java:413)
at org.testng.SuiteRunner.privateRun(SuiteRunner.java:373)
at org.testng.SuiteRunner.run(SuiteRunner.java:312)
at org.testng.SuiteRunnerWorker.runSuite(SuiteRunnerWorker.java:52)
at org.testng.SuiteRunnerWorker.run(SuiteRunnerWorker.java:95)
at org.testng.TestNG.runSuitesSequentially(TestNG.java:1274)
at org.testng.TestNG.runSuitesLocally(TestNG.java:1208)
at org.testng.TestNG.runSuites(TestNG.java:1112)
at org.testng.TestNG.run(TestNG.java:1079)
at org.apache.maven.surefire.testng.TestNGExecutor.run(TestNGExecutor.java:135)
at org.apache.maven.surefire.testng.TestNGDirectoryTestSuite.executeMulti(TestNGDirectoryTestSuite.java:193)
at org.apache.maven.surefire.testng.TestNGDirectoryTestSuite.execute(TestNGDirectoryTestSuite.java:94)
at org.apache.maven.surefire.testng.TestNGProvider.invoke(TestNGProvider.java:146)
at org.apache.maven.surefire.booter.ForkedBooter.invokeProviderInSameClassLoader(ForkedBooter.java:384)
at org.apache.maven.surefire.booter.ForkedBooter.runSuitesInProcess(ForkedBooter.java:345)
at org.apache.maven.surefire.booter.ForkedBooter.execute(ForkedBooter.java:126)
at org.apache.maven.surefire.booter.ForkedBooter.main(ForkedBooter.java:418)
]]>
            </full-stacktrace>
          </exception> <!-- java.lang.AssertionError -->
          <reporter-output>
          </reporter-output>
        </test-method> <!-- TC4_validateLoginUnseccessfullwithinvalidemail -->
        <test-method is-config="true" signature="tearDown()[pri:0, instance:Tokopedia.Test.LoginTest@240237d2]" started-at="2024-09-03T23:31:40 WIB" name="tearDown" finished-at="2024-09-03T23:31:40 WIB" duration-ms="137" status="PASS">
          <reporter-output>
          </reporter-output>
        </test-method> <!-- tearDown -->
      </class> <!-- Tokopedia.Test.LoginTest -->
      <class name="Tokopedia.Test.RegistrationTest">
        <test-method is-config="true" signature="launchApplication()[pri:0, instance:Tokopedia.Test.RegistrationTest@3c153a1]" started-at="2024-09-03T23:31:40 WIB" name="launchApplication" finished-at="2024-09-03T23:31:43 WIB" duration-ms="3534" status="PASS">
          <reporter-output>
          </reporter-output>
        </test-method> <!-- launchApplication -->
        <test-method signature="validateRegistration()[pri:0, instance:Tokopedia.Test.RegistrationTest@3c153a1]" started-at="2024-09-03T23:31:43 WIB" name="validateRegistration" finished-at="2024-09-03T23:31:48 WIB" duration-ms="4413" status="PASS">
          <reporter-output>
          </reporter-output>
        </test-method> <!-- validateRegistration -->
        <test-method is-config="true" signature="tearDown()[pri:0, instance:Tokopedia.Test.RegistrationTest@3c153a1]" started-at="2024-09-03T23:31:48 WIB" name="tearDown" finished-at="2024-09-03T23:31:48 WIB" duration-ms="99" status="PASS">
          <reporter-output>
          </reporter-output>
        </test-method> <!-- tearDown -->
        <test-method is-config="true" signature="launchApplication()[pri:0, instance:Tokopedia.Test.RegistrationTest@3c153a1]" started-at="2024-09-03T23:31:48 WIB" name="launchApplication" finished-at="2024-09-03T23:31:50 WIB" duration-ms="2359" status="PASS">
          <reporter-output>
          </reporter-output>
        </test-method> <!-- launchApplication -->
        <test-method signature="validateRegistrationEmailorPhoneNull()[pri:0, instance:Tokopedia.Test.RegistrationTest@3c153a1]" started-at="2024-09-03T23:31:50 WIB" name="validateRegistrationEmailorPhoneNull" finished-at="2024-09-03T23:32:00 WIB" duration-ms="10159" status="FAIL">
          <exception class="org.openqa.selenium.NoSuchElementException">
            <message>
              <![CDATA[no such element: Unable to locate element: {"method":"css selector","selector":"#input\-phone\-email"}
  (Session info: chrome=128.0.6613.114)
For documentation on this error, please visit: https://www.selenium.dev/documentation/webdriver/troubleshooting/errors#no-such-element-exception
Build info: version: '4.23.1', revision: '656257d8e9'
System info: os.name: 'Windows 10', os.arch: 'amd64', os.version: '10.0', java.version: '21.0.4'
Driver info: org.openqa.selenium.chrome.ChromeDriver
Command: [d29ccdf11bfe5bedc42c92ccc918a258, findElement {value=input-phone-email, using=id}]
Capabilities {acceptInsecureCerts: false, browserName: chrome, browserVersion: 128.0.6613.114, chrome: {chromedriverVersion: 128.0.6613.119 (6e439cfca4d..., userDataDir: C:\Users\User\AppData\Local...}, fedcm:accounts: true, goog:chromeOptions: {debuggerAddress: localhost:50748}, networkConnectionEnabled: false, pageLoadStrategy: normal, platformName: windows, proxy: Proxy(), se:cdp: ws://localhost:50748/devtoo..., se:cdpVersion: 128.0.6613.114, setWindowRect: true, strictFileInteractability: false, timeouts: {implicit: 0, pageLoad: 300000, script: 30000}, unhandledPromptBehavior: dismiss and notify, webauthn:extension:credBlob: true, webauthn:extension:largeBlob: true, webauthn:extension:minPinLength: true, webauthn:extension:prf: true, webauthn:virtualAuthenticators: true}
Session ID: d29ccdf11bfe5bedc42c92ccc918a258]]>
            </message>
            <full-stacktrace>
              <![CDATA[org.openqa.selenium.NoSuchElementException: no such element: Unable to locate element: {"method":"css selector","selector":"#input\-phone\-email"}
  (Session info: chrome=128.0.6613.114)
For documentation on this error, please visit: https://www.selenium.dev/documentation/webdriver/troubleshooting/errors#no-such-element-exception
Build info: version: '4.23.1', revision: '656257d8e9'
System info: os.name: 'Windows 10', os.arch: 'amd64', os.version: '10.0', java.version: '21.0.4'
Driver info: org.openqa.selenium.chrome.ChromeDriver
Command: [d29ccdf11bfe5bedc42c92ccc918a258, findElement {value=input-phone-email, using=id}]
Capabilities {acceptInsecureCerts: false, browserName: chrome, browserVersion: 128.0.6613.114, chrome: {chromedriverVersion: 128.0.6613.119 (6e439cfca4d..., userDataDir: C:\Users\User\AppData\Local...}, fedcm:accounts: true, goog:chromeOptions: {debuggerAddress: localhost:50748}, networkConnectionEnabled: false, pageLoadStrategy: normal, platformName: windows, proxy: Proxy(), se:cdp: ws://localhost:50748/devtoo..., se:cdpVersion: 128.0.6613.114, setWindowRect: true, strictFileInteractability: false, timeouts: {implicit: 0, pageLoad: 300000, script: 30000}, unhandledPromptBehavior: dismiss and notify, webauthn:extension:credBlob: true, webauthn:extension:largeBlob: true, webauthn:extension:minPinLength: true, webauthn:extension:prf: true, webauthn:virtualAuthenticators: true}
Session ID: d29ccdf11bfe5bedc42c92ccc918a258
at java.base/jdk.internal.reflect.DirectConstructorHandleAccessor.newInstance(DirectConstructorHandleAccessor.java:62)
at java.base/java.lang.reflect.Constructor.newInstanceWithCaller(Constructor.java:502)
at java.base/java.lang.reflect.Constructor.newInstance(Constructor.java:486)
at org.openqa.selenium.remote.ErrorCodec.decode(ErrorCodec.java:167)
at org.openqa.selenium.remote.codec.w3c.W3CHttpResponseCodec.decode(W3CHttpResponseCodec.java:138)
at org.openqa.selenium.remote.codec.w3c.W3CHttpResponseCodec.decode(W3CHttpResponseCodec.java:50)
at org.openqa.selenium.remote.HttpCommandExecutor.execute(HttpCommandExecutor.java:190)
at org.openqa.selenium.remote.service.DriverCommandExecutor.invokeExecute(DriverCommandExecutor.java:216)
at org.openqa.selenium.remote.service.DriverCommandExecutor.execute(DriverCommandExecutor.java:174)
at org.openqa.selenium.remote.RemoteWebDriver.execute(RemoteWebDriver.java:545)
at org.openqa.selenium.remote.ElementLocation$ElementFinder$2.findElement(ElementLocation.java:165)
at org.openqa.selenium.remote.ElementLocation.findElement(ElementLocation.java:66)
at org.openqa.selenium.remote.RemoteWebDriver.findElement(RemoteWebDriver.java:368)
at org.openqa.selenium.remote.RemoteWebDriver.findElement(RemoteWebDriver.java:362)
at org.openqa.selenium.support.pagefactory.DefaultElementLocator.findElement(DefaultElementLocator.java:68)
at org.openqa.selenium.support.pagefactory.internal.LocatingElementHandler.invoke(LocatingElementHandler.java:38)
at jdk.proxy2/jdk.proxy2.$Proxy12.sendKeys(Unknown Source)
at Tokopedia.PageObjects.RegistPage.clearinpuEmailorPhone(RegistPage.java:43)
at Tokopedia.Test.RegistrationTest.validateRegistrationEmailorPhoneNull(RegistrationTest.java:27)
at java.base/jdk.internal.reflect.DirectMethodHandleAccessor.invoke(DirectMethodHandleAccessor.java:103)
at java.base/java.lang.reflect.Method.invoke(Method.java:580)
at org.testng.internal.invokers.MethodInvocationHelper.invokeMethod(MethodInvocationHelper.java:141)
at org.testng.internal.invokers.TestInvoker.invokeMethod(TestInvoker.java:686)
at org.testng.internal.invokers.TestInvoker.invokeTestMethod(TestInvoker.java:230)
at org.testng.internal.invokers.MethodRunner.runInSequence(MethodRunner.java:63)
at org.testng.internal.invokers.TestInvoker$MethodInvocationAgent.invoke(TestInvoker.java:992)
at org.testng.internal.invokers.TestInvoker.invokeTestMethods(TestInvoker.java:203)
at org.testng.internal.invokers.TestMethodWorker.invokeTestMethods(TestMethodWorker.java:154)
at org.testng.internal.invokers.TestMethodWorker.run(TestMethodWorker.java:134)
at java.base/java.util.ArrayList.forEach(ArrayList.java:1596)
at org.testng.TestRunner.privateRun(TestRunner.java:739)
at org.testng.TestRunner.run(TestRunner.java:614)
at org.testng.SuiteRunner.runTest(SuiteRunner.java:421)
at org.testng.SuiteRunner.runSequentially(SuiteRunner.java:413)
at org.testng.SuiteRunner.privateRun(SuiteRunner.java:373)
at org.testng.SuiteRunner.run(SuiteRunner.java:312)
at org.testng.SuiteRunnerWorker.runSuite(SuiteRunnerWorker.java:52)
at org.testng.SuiteRunnerWorker.run(SuiteRunnerWorker.java:95)
at org.testng.TestNG.runSuitesSequentially(TestNG.java:1274)
at org.testng.TestNG.runSuitesLocally(TestNG.java:1208)
at org.testng.TestNG.runSuites(TestNG.java:1112)
at org.testng.TestNG.run(TestNG.java:1079)
at org.apache.maven.surefire.testng.TestNGExecutor.run(TestNGExecutor.java:135)
at org.apache.maven.surefire.testng.TestNGDirectoryTestSuite.executeMulti(TestNGDirectoryTestSuite.java:193)
at org.apache.maven.surefire.testng.TestNGDirectoryTestSuite.execute(TestNGDirectoryTestSuite.java:94)
at org.apache.maven.surefire.testng.TestNGProvider.invoke(TestNGProvider.java:146)
at org.apache.maven.surefire.booter.ForkedBooter.invokeProviderInSameClassLoader(ForkedBooter.java:384)
at org.apache.maven.surefire.booter.ForkedBooter.runSuitesInProcess(ForkedBooter.java:345)
at org.apache.maven.surefire.booter.ForkedBooter.execute(ForkedBooter.java:126)
at org.apache.maven.surefire.booter.ForkedBooter.main(ForkedBooter.java:418)
]]>
            </full-stacktrace>
          </exception> <!-- org.openqa.selenium.NoSuchElementException -->
          <reporter-output>
          </reporter-output>
        </test-method> <!-- validateRegistrationEmailorPhoneNull -->
        <test-method is-config="true" signature="tearDown()[pri:0, instance:Tokopedia.Test.RegistrationTest@3c153a1]" started-at="2024-09-03T23:32:00 WIB" name="tearDown" finished-at="2024-09-03T23:32:00 WIB" duration-ms="111" status="PASS">
          <reporter-output>
          </reporter-output>
        </test-method> <!-- tearDown -->
        <test-method is-config="true" signature="launchApplication()[pri:0, instance:Tokopedia.Test.RegistrationTest@3c153a1]" started-at="2024-09-03T23:32:00 WIB" name="launchApplication" finished-at="2024-09-03T23:32:20 WIB" duration-ms="19603" status="PASS">
          <reporter-output>
          </reporter-output>
        </test-method> <!-- launchApplication -->
        <test-method signature="validateRegistrationinvalidEmail()[pri:0, instance:Tokopedia.Test.RegistrationTest@3c153a1]" started-at="2024-09-03T23:32:20 WIB" name="validateRegistrationinvalidEmail" finished-at="2024-09-03T23:32:22 WIB" duration-ms="1535" status="PASS">
          <reporter-output>
          </reporter-output>
        </test-method> <!-- validateRegistrationinvalidEmail -->
        <test-method is-config="true" signature="tearDown()[pri:0, instance:Tokopedia.Test.RegistrationTest@3c153a1]" started-at="2024-09-03T23:32:22 WIB" name="tearDown" finished-at="2024-09-03T23:32:22 WIB" duration-ms="156" status="PASS">
          <reporter-output>
          </reporter-output>
        </test-method> <!-- tearDown -->
        <test-method is-config="true" signature="launchApplication()[pri:0, instance:Tokopedia.Test.RegistrationTest@3c153a1]" started-at="2024-09-03T23:32:22 WIB" name="launchApplication" finished-at="2024-09-03T23:32:24 WIB" duration-ms="2255" status="PASS">
          <reporter-output>
          </reporter-output>
        </test-method> <!-- launchApplication -->
        <test-method signature="validateRegistrationinvalidphonenumbertolong()[pri:0, instance:Tokopedia.Test.RegistrationTest@3c153a1]" started-at="2024-09-03T23:32:24 WIB" name="validateRegistrationinvalidphonenumbertolong" finished-at="2024-09-03T23:32:34 WIB" duration-ms="10211" status="FAIL">
          <exception class="org.openqa.selenium.NoSuchElementException">
            <message>
              <![CDATA[no such element: Unable to locate element: {"method":"css selector","selector":"#input\-phone\-email"}
  (Session info: chrome=128.0.6613.114)
For documentation on this error, please visit: https://www.selenium.dev/documentation/webdriver/troubleshooting/errors#no-such-element-exception
Build info: version: '4.23.1', revision: '656257d8e9'
System info: os.name: 'Windows 10', os.arch: 'amd64', os.version: '10.0', java.version: '21.0.4'
Driver info: org.openqa.selenium.chrome.ChromeDriver
Command: [7aafa0051e5674dd37846a06a70bca15, findElement {value=input-phone-email, using=id}]
Capabilities {acceptInsecureCerts: false, browserName: chrome, browserVersion: 128.0.6613.114, chrome: {chromedriverVersion: 128.0.6613.119 (6e439cfca4d..., userDataDir: C:\Users\User\AppData\Local...}, fedcm:accounts: true, goog:chromeOptions: {debuggerAddress: localhost:50908}, networkConnectionEnabled: false, pageLoadStrategy: normal, platformName: windows, proxy: Proxy(), se:cdp: ws://localhost:50908/devtoo..., se:cdpVersion: 128.0.6613.114, setWindowRect: true, strictFileInteractability: false, timeouts: {implicit: 0, pageLoad: 300000, script: 30000}, unhandledPromptBehavior: dismiss and notify, webauthn:extension:credBlob: true, webauthn:extension:largeBlob: true, webauthn:extension:minPinLength: true, webauthn:extension:prf: true, webauthn:virtualAuthenticators: true}
Session ID: 7aafa0051e5674dd37846a06a70bca15]]>
            </message>
            <full-stacktrace>
              <![CDATA[org.openqa.selenium.NoSuchElementException: no such element: Unable to locate element: {"method":"css selector","selector":"#input\-phone\-email"}
  (Session info: chrome=128.0.6613.114)
For documentation on this error, please visit: https://www.selenium.dev/documentation/webdriver/troubleshooting/errors#no-such-element-exception
Build info: version: '4.23.1', revision: '656257d8e9'
System info: os.name: 'Windows 10', os.arch: 'amd64', os.version: '10.0', java.version: '21.0.4'
Driver info: org.openqa.selenium.chrome.ChromeDriver
Command: [7aafa0051e5674dd37846a06a70bca15, findElement {value=input-phone-email, using=id}]
Capabilities {acceptInsecureCerts: false, browserName: chrome, browserVersion: 128.0.6613.114, chrome: {chromedriverVersion: 128.0.6613.119 (6e439cfca4d..., userDataDir: C:\Users\User\AppData\Local...}, fedcm:accounts: true, goog:chromeOptions: {debuggerAddress: localhost:50908}, networkConnectionEnabled: false, pageLoadStrategy: normal, platformName: windows, proxy: Proxy(), se:cdp: ws://localhost:50908/devtoo..., se:cdpVersion: 128.0.6613.114, setWindowRect: true, strictFileInteractability: false, timeouts: {implicit: 0, pageLoad: 300000, script: 30000}, unhandledPromptBehavior: dismiss and notify, webauthn:extension:credBlob: true, webauthn:extension:largeBlob: true, webauthn:extension:minPinLength: true, webauthn:extension:prf: true, webauthn:virtualAuthenticators: true}
Session ID: 7aafa0051e5674dd37846a06a70bca15
at java.base/jdk.internal.reflect.DirectConstructorHandleAccessor.newInstance(DirectConstructorHandleAccessor.java:62)
at java.base/java.lang.reflect.Constructor.newInstanceWithCaller(Constructor.java:502)
at java.base/java.lang.reflect.Constructor.newInstance(Constructor.java:486)
at org.openqa.selenium.remote.ErrorCodec.decode(ErrorCodec.java:167)
at org.openqa.selenium.remote.codec.w3c.W3CHttpResponseCodec.decode(W3CHttpResponseCodec.java:138)
at org.openqa.selenium.remote.codec.w3c.W3CHttpResponseCodec.decode(W3CHttpResponseCodec.java:50)
at org.openqa.selenium.remote.HttpCommandExecutor.execute(HttpCommandExecutor.java:190)
at org.openqa.selenium.remote.service.DriverCommandExecutor.invokeExecute(DriverCommandExecutor.java:216)
at org.openqa.selenium.remote.service.DriverCommandExecutor.execute(DriverCommandExecutor.java:174)
at org.openqa.selenium.remote.RemoteWebDriver.execute(RemoteWebDriver.java:545)
at org.openqa.selenium.remote.ElementLocation$ElementFinder$2.findElement(ElementLocation.java:165)
at org.openqa.selenium.remote.ElementLocation.findElement(ElementLocation.java:66)
at org.openqa.selenium.remote.RemoteWebDriver.findElement(RemoteWebDriver.java:368)
at org.openqa.selenium.remote.RemoteWebDriver.findElement(RemoteWebDriver.java:362)
at org.openqa.selenium.support.pagefactory.DefaultElementLocator.findElement(DefaultElementLocator.java:68)
at org.openqa.selenium.support.pagefactory.internal.LocatingElementHandler.invoke(LocatingElementHandler.java:38)
at jdk.proxy2/jdk.proxy2.$Proxy12.sendKeys(Unknown Source)
at Tokopedia.PageObjects.RegistPage.enterEmailorPhone(RegistPage.java:48)
at Tokopedia.Test.RegistrationTest.validateRegistrationinvalidphonenumbertolong(RegistrationTest.java:54)
at java.base/jdk.internal.reflect.DirectMethodHandleAccessor.invoke(DirectMethodHandleAccessor.java:103)
at java.base/java.lang.reflect.Method.invoke(Method.java:580)
at org.testng.internal.invokers.MethodInvocationHelper.invokeMethod(MethodInvocationHelper.java:141)
at org.testng.internal.invokers.TestInvoker.invokeMethod(TestInvoker.java:686)
at org.testng.internal.invokers.TestInvoker.invokeTestMethod(TestInvoker.java:230)
at org.testng.internal.invokers.MethodRunner.runInSequence(MethodRunner.java:63)
at org.testng.internal.invokers.TestInvoker$MethodInvocationAgent.invoke(TestInvoker.java:992)
at org.testng.internal.invokers.TestInvoker.invokeTestMethods(TestInvoker.java:203)
at org.testng.internal.invokers.TestMethodWorker.invokeTestMethods(TestMethodWorker.java:154)
at org.testng.internal.invokers.TestMethodWorker.run(TestMethodWorker.java:134)
at java.base/java.util.ArrayList.forEach(ArrayList.java:1596)
at org.testng.TestRunner.privateRun(TestRunner.java:739)
at org.testng.TestRunner.run(TestRunner.java:614)
at org.testng.SuiteRunner.runTest(SuiteRunner.java:421)
at org.testng.SuiteRunner.runSequentially(SuiteRunner.java:413)
at org.testng.SuiteRunner.privateRun(SuiteRunner.java:373)
at org.testng.SuiteRunner.run(SuiteRunner.java:312)
at org.testng.SuiteRunnerWorker.runSuite(SuiteRunnerWorker.java:52)
at org.testng.SuiteRunnerWorker.run(SuiteRunnerWorker.java:95)
at org.testng.TestNG.runSuitesSequentially(TestNG.java:1274)
at org.testng.TestNG.runSuitesLocally(TestNG.java:1208)
at org.testng.TestNG.runSuites(TestNG.java:1112)
at org.testng.TestNG.run(TestNG.java:1079)
at org.apache.maven.surefire.testng.TestNGExecutor.run(TestNGExecutor.java:135)
at org.apache.maven.surefire.testng.TestNGDirectoryTestSuite.executeMulti(TestNGDirectoryTestSuite.java:193)
at org.apache.maven.surefire.testng.TestNGDirectoryTestSuite.execute(TestNGDirectoryTestSuite.java:94)
at org.apache.maven.surefire.testng.TestNGProvider.invoke(TestNGProvider.java:146)
at org.apache.maven.surefire.booter.ForkedBooter.invokeProviderInSameClassLoader(ForkedBooter.java:384)
at org.apache.maven.surefire.booter.ForkedBooter.runSuitesInProcess(ForkedBooter.java:345)
at org.apache.maven.surefire.booter.ForkedBooter.execute(ForkedBooter.java:126)
at org.apache.maven.surefire.booter.ForkedBooter.main(ForkedBooter.java:418)
]]>
            </full-stacktrace>
          </exception> <!-- org.openqa.selenium.NoSuchElementException -->
          <reporter-output>
          </reporter-output>
        </test-method> <!-- validateRegistrationinvalidphonenumbertolong -->
        <test-method is-config="true" signature="tearDown()[pri:0, instance:Tokopedia.Test.RegistrationTest@3c153a1]" started-at="2024-09-03T23:32:34 WIB" name="tearDown" finished-at="2024-09-03T23:32:34 WIB" duration-ms="100" status="PASS">
          <reporter-output>
          </reporter-output>
        </test-method> <!-- tearDown -->
        <test-method is-config="true" signature="launchApplication()[pri:0, instance:Tokopedia.Test.RegistrationTest@3c153a1]" started-at="2024-09-03T23:32:34 WIB" name="launchApplication" finished-at="2024-09-03T23:32:38 WIB" duration-ms="3764" status="PASS">
          <reporter-output>
          </reporter-output>
        </test-method> <!-- launchApplication -->
        <test-method signature="validateRegistrationinvalidphonenumbertoshort()[pri:0, instance:Tokopedia.Test.RegistrationTest@3c153a1]" started-at="2024-09-03T23:32:38 WIB" name="validateRegistrationinvalidphonenumbertoshort" finished-at="2024-09-03T23:32:40 WIB" duration-ms="1497" status="PASS">
          <reporter-output>
          </reporter-output>
        </test-method> <!-- validateRegistrationinvalidphonenumbertoshort -->
        <test-method is-config="true" signature="tearDown()[pri:0, instance:Tokopedia.Test.RegistrationTest@3c153a1]" started-at="2024-09-03T23:32:40 WIB" name="tearDown" finished-at="2024-09-03T23:32:40 WIB" duration-ms="140" status="PASS">
          <reporter-output>
          </reporter-output>
        </test-method> <!-- tearDown -->
      </class> <!-- Tokopedia.Test.RegistrationTest -->
    </test> <!-- Surefire test -->
  </suite> <!-- Surefire suite -->
</testng-results>
